<?xml version="1.0" encoding="UTF-8"?>
<testsuite name="com.example.AviDemo.AviDemoApplicationTests" tests="1" skipped="0" failures="0" errors="0" timestamp="2021-12-27T04:44:36" hostname="DESKTOP-L6P4KF8" time="0.57">
  <properties/>
  <testcase name="contextLoads()" classname="com.example.AviDemo.AviDemoApplicationTests" time="0.57"/>
  <system-out><![CDATA[10:14:34.116 [Test worker] DEBUG org.springframework.test.context.BootstrapUtils - Instantiating CacheAwareContextLoaderDelegate from class [org.springframework.test.context.cache.DefaultCacheAwareContextLoaderDelegate]
10:14:34.131 [Test worker] DEBUG org.springframework.test.context.BootstrapUtils - Instantiating BootstrapContext using constructor [public org.springframework.test.context.support.DefaultBootstrapContext(java.lang.Class,org.springframework.test.context.CacheAwareContextLoaderDelegate)]
10:14:34.178 [Test worker] DEBUG org.springframework.test.context.BootstrapUtils - Instantiating TestContextBootstrapper for test class [com.example.AviDemo.AviDemoApplicationTests] from class [org.springframework.boot.test.context.SpringBootTestContextBootstrapper]
10:14:34.190 [Test worker] INFO org.springframework.boot.test.context.SpringBootTestContextBootstrapper - Neither @ContextConfiguration nor @ContextHierarchy found for test class [com.example.AviDemo.AviDemoApplicationTests], using SpringBootContextLoader
10:14:34.195 [Test worker] DEBUG org.springframework.test.context.support.AbstractContextLoader - Did not detect default resource location for test class [com.example.AviDemo.AviDemoApplicationTests]: class path resource [com/example/AviDemo/AviDemoApplicationTests-context.xml] does not exist
10:14:34.195 [Test worker] DEBUG org.springframework.test.context.support.AbstractContextLoader - Did not detect default resource location for test class [com.example.AviDemo.AviDemoApplicationTests]: class path resource [com/example/AviDemo/AviDemoApplicationTestsContext.groovy] does not exist
10:14:34.195 [Test worker] INFO org.springframework.test.context.support.AbstractContextLoader - Could not detect default resource locations for test class [com.example.AviDemo.AviDemoApplicationTests]: no resource found for suffixes {-context.xml, Context.groovy}.
10:14:34.196 [Test worker] INFO org.springframework.test.context.support.AnnotationConfigContextLoaderUtils - Could not detect default configuration classes for test class [com.example.AviDemo.AviDemoApplicationTests]: AviDemoApplicationTests does not declare any static, non-private, non-final, nested classes annotated with @Configuration.
10:14:34.248 [Test worker] DEBUG org.springframework.test.context.support.ActiveProfilesUtils - Could not find an 'annotation declaring class' for annotation type [org.springframework.test.context.ActiveProfiles] and class [com.example.AviDemo.AviDemoApplicationTests]
10:14:34.321 [Test worker] DEBUG org.springframework.context.annotation.ClassPathScanningCandidateComponentProvider - Identified candidate component class: file [C:\Users\Avinash\IdeaProjects\AviDemo\build\classes\java\main\com\example\AviDemo\AviDemoApplication.class]
10:14:34.324 [Test worker] INFO org.springframework.boot.test.context.SpringBootTestContextBootstrapper - Found @SpringBootConfiguration com.example.AviDemo.AviDemoApplication for test class com.example.AviDemo.AviDemoApplicationTests
10:14:34.443 [Test worker] DEBUG org.springframework.boot.test.context.SpringBootTestContextBootstrapper - @TestExecutionListeners is not present for class [com.example.AviDemo.AviDemoApplicationTests]: using defaults.
10:14:34.443 [Test worker] INFO org.springframework.boot.test.context.SpringBootTestContextBootstrapper - Loaded default TestExecutionListener class names from location [META-INF/spring.factories]: [org.springframework.boot.test.autoconfigure.restdocs.RestDocsTestExecutionListener, org.springframework.boot.test.autoconfigure.web.client.MockRestServiceServerResetTestExecutionListener, org.springframework.boot.test.autoconfigure.web.servlet.MockMvcPrintOnlyOnFailureTestExecutionListener, org.springframework.boot.test.autoconfigure.web.servlet.WebDriverTestExecutionListener, org.springframework.boot.test.autoconfigure.webservices.client.MockWebServiceServerTestExecutionListener, org.springframework.boot.test.mock.mockito.MockitoTestExecutionListener, org.springframework.boot.test.mock.mockito.ResetMocksTestExecutionListener, org.springframework.test.context.web.ServletTestExecutionListener, org.springframework.test.context.support.DirtiesContextBeforeModesTestExecutionListener, org.springframework.test.context.event.ApplicationEventsTestExecutionListener, org.springframework.test.context.support.DependencyInjectionTestExecutionListener, org.springframework.test.context.support.DirtiesContextTestExecutionListener, org.springframework.test.context.transaction.TransactionalTestExecutionListener, org.springframework.test.context.jdbc.SqlScriptsTestExecutionListener, org.springframework.test.context.event.EventPublishingTestExecutionListener]
10:14:34.455 [Test worker] DEBUG org.springframework.boot.test.context.SpringBootTestContextBootstrapper - Skipping candidate TestExecutionListener [org.springframework.test.context.transaction.TransactionalTestExecutionListener] due to a missing dependency. Specify custom listener classes or make the default listener classes and their required dependencies available. Offending class: [org/springframework/transaction/interceptor/TransactionAttributeSource]
10:14:34.455 [Test worker] DEBUG org.springframework.boot.test.context.SpringBootTestContextBootstrapper - Skipping candidate TestExecutionListener [org.springframework.test.context.jdbc.SqlScriptsTestExecutionListener] due to a missing dependency. Specify custom listener classes or make the default listener classes and their required dependencies available. Offending class: [org/springframework/transaction/interceptor/TransactionAttribute]
10:14:34.459 [Test worker] INFO org.springframework.boot.test.context.SpringBootTestContextBootstrapper - Using TestExecutionListeners: [org.springframework.test.context.web.ServletTestExecutionListener@1de5f0ef, org.springframework.test.context.support.DirtiesContextBeforeModesTestExecutionListener@376a312c, org.springframework.test.context.event.ApplicationEventsTestExecutionListener@28d6290, org.springframework.boot.test.mock.mockito.MockitoTestExecutionListener@6ca0256d, org.springframework.boot.test.autoconfigure.SpringBootDependencyInjectionTestExecutionListener@5ef0d29e, org.springframework.test.context.support.DirtiesContextTestExecutionListener@38f57b3d, org.springframework.test.context.event.EventPublishingTestExecutionListener@51850751, org.springframework.boot.test.autoconfigure.restdocs.RestDocsTestExecutionListener@3ce3db41, org.springframework.boot.test.autoconfigure.web.client.MockRestServiceServerResetTestExecutionListener@64df9a61, org.springframework.boot.test.autoconfigure.web.servlet.MockMvcPrintOnlyOnFailureTestExecutionListener@77602954, org.springframework.boot.test.autoconfigure.web.servlet.WebDriverTestExecutionListener@e260766, org.springframework.boot.test.autoconfigure.webservices.client.MockWebServiceServerTestExecutionListener@2c3dec30, org.springframework.boot.test.mock.mockito.ResetMocksTestExecutionListener@34a97744]
10:14:34.464 [Test worker] DEBUG org.springframework.test.context.support.AbstractDirtiesContextTestExecutionListener - Before test class: context [DefaultTestContext@7e3f95fe testClass = AviDemoApplicationTests, testInstance = [null], testMethod = [null], testException = [null], mergedContextConfiguration = [WebMergedContextConfiguration@34625ccd testClass = AviDemoApplicationTests, locations = '{}', classes = '{class com.example.AviDemo.AviDemoApplication}', contextInitializerClasses = '[]', activeProfiles = '{}', propertySourceLocations = '{}', propertySourceProperties = '{org.springframework.boot.test.context.SpringBootTestContextBootstrapper=true}', contextCustomizers = set[org.springframework.boot.test.autoconfigure.actuate.metrics.MetricsExportContextCustomizerFactory$DisableMetricExportContextCustomizer@7749bf93, org.springframework.boot.test.autoconfigure.properties.PropertyMappingContextCustomizer@0, org.springframework.boot.test.autoconfigure.web.servlet.WebDriverContextCustomizerFactory$Customizer@740d2e78, org.springframework.boot.test.context.filter.ExcludeFilterContextCustomizer@5a1de7fb, org.springframework.boot.test.json.DuplicateJsonObjectContextCustomizerFactory$DuplicateJsonObjectContextCustomizer@32a68f4f, org.springframework.boot.test.mock.mockito.MockitoContextCustomizer@0, org.springframework.boot.test.web.client.TestRestTemplateContextCustomizer@a87f8ec, org.springframework.boot.test.context.SpringBootTestArgs@1, org.springframework.boot.test.context.SpringBootTestWebEnvironment@41fecb8b], resourceBasePath = 'src/main/webapp', contextLoader = 'org.springframework.boot.test.context.SpringBootContextLoader', parent = [null]], attributes = map['org.springframework.test.context.web.ServletTestExecutionListener.activateListener' -> true]], class annotated with @DirtiesContext [false] with mode [null].
10:14:34.514 [Test worker] DEBUG org.springframework.boot.ApplicationServletEnvironment - Activating profiles []
10:14:34.515 [Test worker] DEBUG org.springframework.test.context.support.TestPropertySourceUtils - Adding inlined properties to environment: {spring.jmx.enabled=false, org.springframework.boot.test.context.SpringBootTestContextBootstrapper=true}

  .   ____          _            __ _ _
 /\\ / ___'_ __ _ _(_)_ __  __ _ \ \ \ \
( ( )\___ | '_ | '_| | '_ \/ _` | \ \ \ \
 \\/  ___)| |_)| | | | | || (_| |  ) ) ) )
  '  |____| .__|_| |_|_| |_\__, | / / / /
 =========|_|==============|___/=/_/_/_/
 :: Spring Boot ::                (v2.6.2)

2021-12-27 10:14:34.816  INFO 8556 --- [    Test worker] c.e.AviDemo.AviDemoApplicationTests      : Starting AviDemoApplicationTests using Java 17.0.1 on DESKTOP-L6P4KF8 with PID 8556 (started by Avinash in C:\Users\Avinash\IdeaProjects\AviDemo)
2021-12-27 10:14:34.818  INFO 8556 --- [    Test worker] c.e.AviDemo.AviDemoApplicationTests      : No active profile set, falling back to default profiles: default
2021-12-27 10:14:36.560  INFO 8556 --- [    Test worker] c.e.AviDemo.AviDemoApplicationTests      : Started AviDemoApplicationTests in 2.044 seconds (JVM running for 3.424)
hallo
]]></system-out>
  <system-err><![CDATA[]]></system-err>
</testsuite>
